<?xml version="1.0" encoding="UTF-8"?>
<testng-results ignored="0" total="1" passed="1" failed="0" skipped="0">
  <reporter-output>
  </reporter-output>
  <suite started-at="2023-02-12T23:04:21 EST" name="Default suite" finished-at="2023-02-12T23:04:23 EST" duration-ms="1974">
    <groups>
    </groups>
    <test started-at="2023-02-12T23:04:21 EST" name="Default test" finished-at="2023-02-12T23:04:23 EST" duration-ms="1974">
      <class name="tests.ValidateCookies">
        <test-method signature="createUsersUsignHashMap()[pri:1, instance:tests.ValidateCookies@a530d0a]" started-at="2023-02-12T23:04:21 EST" name="createUsersUsignHashMap" finished-at="2023-02-12T23:04:23 EST" duration-ms="1938" status="PASS">
          <reporter-output>
          </reporter-output>
        </test-method> <!-- createUsersUsignHashMap -->
      </class> <!-- tests.ValidateCookies -->
    </test> <!-- Default test -->
  </suite> <!-- Default suite -->
</testng-results>
